<?xml version="1.0" encoding="UTF-8"?>
<testsuite xmlns:xsi="http://www.w3.org/2001/XMLSchema-instance" xsi:noNamespaceSchemaLocation="https://maven.apache.org/surefire/maven-surefire-plugin/xsd/surefire-test-report.xsd" name="au.edu.sydney.MyTest" time="6.423" tests="2" errors="0" skipped="0" failures="0">
  <properties>
[...]
</properties>
  <testcase name="queryAll" classname="au.edu.sydney.MyTest" time="1.932"/>
  <testcase name="toJSON" classname="au.edu.sydney.MyTest" time="0.1"/>
</testsuite>